build/app/outputs/mapping/release/mapping.txt
# compiler: R8
# compiler_version: 1.5.64
# min_api: 17
# pg_map_id: 95e1b69
...
com.google.android.gms.internal.measurement.zzgk -> b.a.a.a.e.i.u5:
com.google.android.gms.internal.measurement.zzgl -> b.a.a.a.e.i.v5:
    int zza(int,byte[],int,int,com.google.android.gms.internal.measurement.zzgo) -> a
    int zza(int,byte[],int,int,com.google.android.gms.internal.measurement.zzig,com.google.android.gms.internal.measurement.zzgo) -> a
    int zza(int,byte[],int,int,com.google.android.gms.internal.measurement.zzks,com.google.android.gms.internal.measurement.zzgo) -> a
    int zza(int,byte[],int,com.google.android.gms.internal.measurement.zzgo) -> a
    int zza(com.google.android.gms.internal.measurement.zzkb,int,byte[],int,int,com.google.android.gms.internal.measurement.zzig,com.google.android.gms.internal.measurement.zzgo) -> a
    int zza(com.google.android.gms.internal.measurement.zzkb,byte[],int,int,int,com.google.android.gms.internal.measurement.zzgo) -> a
    int zza(com.google.android.gms.internal.measurement.zzkb,byte[],int,int,com.google.android.gms.internal.measurement.zzgo) -> a
    int zza(byte[],int) -> a
    int zza(byte[],int,com.google.android.gms.internal.measurement.zzgo) -> a
    int zza(byte[],int,com.google.android.gms.internal.measurement.zzig,com.google.android.gms.internal.measurement.zzgo) -> a
    int zzb(byte[],int,com.google.android.gms.internal.measurement.zzgo) -> b
    long zzb(byte[],int) -> b
    double zzc(byte[],int) -> c
    int zzc(byte[],int,com.google.android.gms.internal.measurement.zzgo) -> c
    float zzd(byte[],int) -> d
com.google.android.gms.internal.measurement.zzgm -> b.a.a.a.e.i.w5:
    java.lang.Class zza -> a
    boolean zzb -> b
    java.lang.Class zza(java.lang.String) -> a
    boolean zza() -> a
    java.lang.Class zzb() -> b
com.google.android.gms.internal.measurement.zzgn -> b.a.a.a.e.i.x5:
    boolean[] zzb -> c
    int zzc -> d
    void zza(boolean) -> a
    com.google.android.gms.internal.measurement.zzig zza(int) -> b
    void zzb(int) -> c
    java.lang.String zzc(int) -> e
com.google.android.gms.internal.measurement.zzgo -> b.a.a.a.e.i.y5:
    com.google.android.gms.internal.measurement.zzhl zzd -> d
    long zzb -> b
    java.lang.Object zzc -> c
    int zza -> a
com.google.android.gms.internal.measurement.zzgp -> b.a.a.a.e.i.z5:
    com.google.android.gms.internal.measurement.zzgv zzb -> d
    int zzc -> b
    com.google.android.gms.internal.measurement.zzgp zza -> c
    int zza() -> a
    int zza(byte) -> a
    int zza(int,int,int) -> a
    com.google.android.gms.internal.measurement.zzgp zza(int,int) -> a
    com.google.android.gms.internal.measurement.zzgp zza(java.lang.String) -> a
    com.google.android.gms.internal.measurement.zzgp zza(byte[],int,int) -> a
    java.lang.String zza(java.nio.charset.Charset) -> a
    void zza(com.google.android.gms.internal.measurement.zzgq) -> a
    byte zza(int) -> b
    int zzb(byte) -> b
    int zzb(int,int,int) -> b
    boolean zzc() -> b
    byte zzb(int) -> c
    int zzd() -> c
    com.google.android.gms.internal.measurement.zzgx zzc(int) -> e
    java.lang.String zzb() -> g
com.google.android.gms.internal.measurement.zzgq -> b.a.a.a.e.i.a6:
    void zza(byte[],int,int) -> a
com.google.android.gms.internal.measurement.zzgr -> b.a.a.a.e.i.b6:
com.google.android.gms.internal.measurement.zzgs -> b.a.a.a.e.i.c6:
    int zza -> b
    int zzb -> c
    com.google.android.gms.internal.measurement.zzgp zzc -> d
    byte zza() -> a
com.google.android.gms.internal.measurement.zzgt -> b.a.a.a.e.i.d6:
    byte[] zza(byte[],int,int) -> a
com.google.android.gms.internal.measurement.zzgu -> b.a.a.a.e.i.e6:
com.google.android.gms.internal.measurement.zzgv -> b.a.a.a.e.i.f6:
    byte[] zza(byte[],int,int) -> a
com.google.android.gms.internal.measurement.zzgw -> b.a.a.a.e.i.g6:
    int zzc -> f
    int zzd -> g
    int zza() -> a
    byte zza(int) -> b
    byte zzb(int) -> c
    int zze() -> d